2019-12-18 23:47:22,981 Instabot Started
2019-12-18 23:47:31,451 ULTIMATE script. Safe to run 24/7!
2019-12-18 23:47:31,453 Schedule Started.
2019-12-19 00:47:37,239 Stats saved at 2019-12-19 00:47:37.
2019-12-19 01:47:37,403 Stats saved at 2019-12-19 01:47:37.
2019-12-19 02:47:31,800 Liking timeline feed:
2019-12-19 02:47:37,511 Stats saved at 2019-12-19 02:47:37.
2019-12-19 02:47:38,756 Received 7 medias.
2019-12-19 02:47:38,758 After filtration 0 medias left.
2019-12-19 02:47:38,758 Nothing to like.
2019-12-19 03:47:37,667 Stats saved at 2019-12-19 03:47:37.
2019-12-19 04:47:32,065 Like followers of: milleniumdanceslc.
2019-12-19 04:47:32,922 Stats saved at 2019-12-19 04:47:32.
2019-12-19 04:47:33,961 milleniumdanceslc not found / closed / has no followers.
2019-12-19 05:47:32,169 Liking timeline feed:
2019-12-19 05:47:37,941 Stats saved at 2019-12-19 05:47:37.
2019-12-19 05:47:39,322 Received 7 medias.
2019-12-19 05:47:39,323 After filtration 0 medias left.
2019-12-19 05:47:39,324 Nothing to like.
2019-12-19 06:47:37,995 Stats saved at 2019-12-19 06:47:37.
2019-12-19 07:47:32,295 Going to like media with hashtag #dancelife.
2019-12-19 07:47:33,323 Stats saved at 2019-12-19 07:47:33.
2019-12-19 08:39:00,618 Uploading pic: ./pics/1-4X6.jpg, with caption: 4X6
Ps. Check us out online at www.FWD.dance #linkinbio
2019-12-19 08:39:04,180 Couldn't upload pic
2019-12-19 08:39:04,181 global name 'api' is not defined
2019-12-19 08:47:32,332 Liking timeline feed:
2019-12-19 08:47:38,037 Stats saved at 2019-12-19 08:47:38.
2019-12-19 08:47:39,445 Received 7 medias.
2019-12-19 08:47:39,447 After filtration 0 medias left.
2019-12-19 08:47:39,447 Nothing to like.
2019-12-19 09:47:32,394 Like followers of: jabbawockeez.
2019-12-19 09:47:33,204 Stats saved at 2019-12-19 09:47:33.
2019-12-19 09:47:33,792 jabbawockeez not found / closed / has no followers.
2019-12-19 10:47:38,127 Stats saved at 2019-12-19 10:47:38.
2019-12-19 11:47:32,443 Liking timeline feed:
2019-12-19 11:52:38,185 Error while getting timeline feed.
2019-12-19 11:52:38,186 Nothing to like.
2019-12-19 12:47:38,567 Stats saved at 2019-12-19 12:47:38.
2019-12-19 13:47:38,319 Stats saved at 2019-12-19 13:47:38.
2019-12-19 14:47:32,632 Liking timeline feed:
2019-12-19 14:47:32,637 Like followers of: steezystudio.
2019-12-19 14:47:33,315 Stats saved at 2019-12-19 14:47:33.
2019-12-19 14:47:34,418 Received 7 medias.
2019-12-19 14:47:34,420 After filtration 0 medias left.
2019-12-19 14:47:34,421 Nothing to like.
2019-12-19 14:52:34,075 steezystudio not found / closed / has no followers.
2019-12-19 15:33:00,503 Uploading pic: ./pics/1-4X6.jpg, with caption: 4X6
Ps. Check us out online at www.FWD.dance #linkinbio
2019-12-19 15:33:01,945 Couldn't upload pic
2019-12-19 15:33:01,946 global name 'api' is not defined
2019-12-19 15:47:32,765 Going to like media with hashtag #dancelife.
2019-12-19 15:47:33,418 Stats saved at 2019-12-19 15:47:33.
2019-12-19 16:12:39,927 Total requests: 59
