2019-12-24 13:01:03,927 Instabot Started
2019-12-24 13:01:11,549 ULTIMATE script. Safe to run 24/7!
2019-12-24 13:01:11,553 Schedule Started.
2019-12-24 14:01:11,696 Liking timeline feed:
2019-12-24 14:01:13,484 Received 10 medias.
2019-12-24 14:01:13,485 After filtration 2 medias left.
2019-12-24 14:01:13,486 Going to like 2 medias.
2019-12-24 14:01:14,430 Liked media 2206077437572380486_312398286.
2019-12-24 14:01:24,493 Liked media 2204928353920473973_511968352.
2019-12-24 14:01:24,513 DONE: Total liked 2 medias.
2019-12-24 15:01:11,836 Liking timeline feed:
2019-12-24 15:01:13,649 Received 10 medias.
2019-12-24 15:01:13,650 After filtration 1 medias left.
2019-12-24 15:01:13,651 Going to like 1 medias.
2019-12-24 15:01:14,647 Liked media 2206221201746377598_199844499.
2019-12-24 15:01:14,695 DONE: Total liked 3 medias.
2019-12-24 15:33:00,588 Uploading pic: ./pics/1-4X6.jpg, with caption: 4X6
Ps. Check us out online at www.FWD.dance #linkinbio
2019-12-24 15:33:03,616 Couldn't upload pic
2019-12-24 15:33:03,617 global name 'api' is not defined
2019-12-24 16:01:12,027 Liking timeline feed:
2019-12-24 16:01:12,028 Going to like media with hashtag #urbandance.
2019-12-24 16:01:13,716 Received 10 medias.
2019-12-24 16:01:13,718 After filtration 0 medias left.
2019-12-24 16:01:13,719 Nothing to like.
2019-12-24 17:01:12,103 Liking timeline feed:
2019-12-24 17:01:14,141 Received 10 medias.
2019-12-24 17:01:14,143 After filtration 2 medias left.
2019-12-24 17:01:14,144 Going to like 2 medias.
2019-12-24 17:01:15,327 Liked media 2206273474788262203_444536951.
2019-12-24 17:01:20,736 Liked media 2206271148031742828_219129581.
2019-12-24 17:01:20,744 DONE: Total liked 5 medias.
