2019-12-19 14:15:31,729 Instabot Started
2019-12-19 14:15:58,502 Liking timeline feed:
2019-12-19 14:15:59,965 Received 6 medias.
2019-12-19 14:15:59,967 After filtration 4 medias left.
2019-12-19 14:15:59,968 Going to like 4 medias.
2019-12-19 14:16:00,455 Liked media 2202525425069937592_8046514463.
2019-12-19 14:16:11,896 Liked media 2201819244064107806_8046514463.
2019-12-19 14:16:28,279 Liked media 2201024086191528576_6438134360.
2019-12-19 14:16:51,492 Liked media 2201162641300017817_8046514463.
2019-12-19 14:16:51,509 DONE: Total liked 4 medias.
2019-12-19 14:17:05,385 Like followers of: steezystudio.
2019-12-19 14:26:07,833 Liking user_1059889636's feed:
2019-12-19 14:26:08,419 Received 12 medias.
2019-12-19 14:26:08,420 After filtration 12 medias left.
2019-12-19 14:26:08,421 Going to like 12 medias.
2019-12-19 14:26:10,726 Liked media 2199231384651229158_1059889636.
2019-12-19 14:26:43,651 Liked media 2168484623985013917_1059889636.
2019-12-19 14:27:02,183 Liked media 2167081767172262280_1059889636.
2019-12-19 14:27:22,134 Liked media 2159896459607411102_1059889636.
2019-12-19 14:28:02,531 Liked media 2132483261556270675_1059889636.
2019-12-19 14:28:28,641 Liked media 2099686831649354034_1059889636.
2019-12-19 14:29:02,117 Liked media 2017103601490944981_1059889636.
2019-12-19 14:29:19,878 Liked media 1950541596449907520_1059889636.
2019-12-19 14:29:49,795 Liked media 1873737716003157491_1059889636.
2019-12-19 14:30:00,617 Liked media 1821391340913433544_1059889636.
2019-12-19 14:30:21,964 Liked media 1811120611076612096_1059889636.
2019-12-19 14:30:45,128 Liked media 1696886394268805567_1059889636.
2019-12-19 14:30:45,181 DONE: Total liked 16 medias.
2019-12-19 14:31:01,724 Liking user_8818089's feed:
2019-12-19 14:31:02,254 Received 18 medias.
2019-12-19 14:31:02,255 After filtration 12 medias left.
2019-12-19 14:31:02,256 Going to like 12 medias.
2019-12-19 14:31:15,135 `Like` action has been BLOCKED...!!!
2019-12-19 14:31:15,136 Activating blocked actions                          protection for `Like` action.
2019-12-19 14:31:25,148 YOUR `LIKE` ACTION IS BLOCKED
2019-12-19 14:31:25,149 blocked_actions_protection ACTIVE. Skipping `like` action.
2019-12-19 14:31:35,161 YOUR `LIKE` ACTION IS BLOCKED
2019-12-19 14:31:35,162 blocked_actions_protection ACTIVE. Skipping `like` action.
2019-12-19 14:31:45,174 YOUR `LIKE` ACTION IS BLOCKED
2019-12-19 14:31:45,175 blocked_actions_protection ACTIVE. Skipping `like` action.
2019-12-19 14:31:55,187 YOUR `LIKE` ACTION IS BLOCKED
2019-12-19 14:31:55,188 blocked_actions_protection ACTIVE. Skipping `like` action.
2019-12-19 14:32:05,200 YOUR `LIKE` ACTION IS BLOCKED
2019-12-19 14:32:05,201 blocked_actions_protection ACTIVE. Skipping `like` action.
2019-12-19 14:32:15,213 YOUR `LIKE` ACTION IS BLOCKED
2019-12-19 14:32:15,214 blocked_actions_protection ACTIVE. Skipping `like` action.
2019-12-19 14:32:25,226 YOUR `LIKE` ACTION IS BLOCKED
2019-12-19 14:32:25,227 blocked_actions_protection ACTIVE. Skipping `like` action.
2019-12-19 14:32:35,239 YOUR `LIKE` ACTION IS BLOCKED
2019-12-19 14:32:35,240 blocked_actions_protection ACTIVE. Skipping `like` action.
2019-12-19 14:32:45,252 YOUR `LIKE` ACTION IS BLOCKED
2019-12-19 14:32:45,253 blocked_actions_protection ACTIVE. Skipping `like` action.
2019-12-19 14:32:55,265 YOUR `LIKE` ACTION IS BLOCKED
2019-12-19 14:32:55,266 blocked_actions_protection ACTIVE. Skipping `like` action.
2019-12-19 14:33:05,278 YOUR `LIKE` ACTION IS BLOCKED
2019-12-19 14:33:05,279 blocked_actions_protection ACTIVE. Skipping `like` action.
2019-12-19 14:33:15,338 DONE: Total liked 16 medias.
2019-12-19 14:33:18,972 Liking user_969003626's feed:
2019-12-19 14:33:19,717 Received 18 medias.
2019-12-19 14:33:19,718 After filtration 0 medias left.
2019-12-19 14:33:19,718 None medias received: account is closed or medias have been filtered.
2019-12-19 14:33:35,391 Liking user_3065267239's feed:
2019-12-19 14:33:35,881 Received 14 medias.
2019-12-19 14:33:35,883 After filtration 4 medias left.
2019-12-19 14:33:35,884 Going to like 4 medias.
2019-12-19 14:33:35,887 YOUR `LIKE` ACTION IS BLOCKED
2019-12-19 14:33:35,888 blocked_actions_protection ACTIVE. Skipping `like` action.
2019-12-19 14:33:45,900 YOUR `LIKE` ACTION IS BLOCKED
2019-12-19 14:33:45,901 blocked_actions_protection ACTIVE. Skipping `like` action.
2019-12-19 14:33:55,911 YOUR `LIKE` ACTION IS BLOCKED
2019-12-19 14:33:55,912 blocked_actions_protection ACTIVE. Skipping `like` action.
2019-12-19 14:34:05,925 YOUR `LIKE` ACTION IS BLOCKED
2019-12-19 14:34:05,926 blocked_actions_protection ACTIVE. Skipping `like` action.
2019-12-19 14:34:15,957 DONE: Total liked 16 medias.
2019-12-19 14:34:20,483 Liking user_1498207324's feed:
2019-12-19 14:34:21,141 Received 18 medias.
2019-12-19 14:34:21,143 After filtration 18 medias left.
2019-12-19 14:34:21,146 Going to like 18 medias.
2019-12-19 14:34:21,149 YOUR `LIKE` ACTION IS BLOCKED
2019-12-19 14:34:21,150 blocked_actions_protection ACTIVE. Skipping `like` action.
2019-12-19 14:34:31,162 YOUR `LIKE` ACTION IS BLOCKED
2019-12-19 14:34:31,163 blocked_actions_protection ACTIVE. Skipping `like` action.
2019-12-19 14:34:41,175 YOUR `LIKE` ACTION IS BLOCKED
2019-12-19 14:34:41,176 blocked_actions_protection ACTIVE. Skipping `like` action.
2019-12-19 14:34:51,188 YOUR `LIKE` ACTION IS BLOCKED
2019-12-19 14:34:51,189 blocked_actions_protection ACTIVE. Skipping `like` action.
2019-12-19 14:35:01,201 YOUR `LIKE` ACTION IS BLOCKED
2019-12-19 14:35:01,202 blocked_actions_protection ACTIVE. Skipping `like` action.
2019-12-19 14:35:11,214 YOUR `LIKE` ACTION IS BLOCKED
2019-12-19 14:35:11,215 blocked_actions_protection ACTIVE. Skipping `like` action.
2019-12-19 14:35:21,227 YOUR `LIKE` ACTION IS BLOCKED
2019-12-19 14:35:21,229 blocked_actions_protection ACTIVE. Skipping `like` action.
2019-12-19 14:35:31,241 YOUR `LIKE` ACTION IS BLOCKED
2019-12-19 14:35:31,242 blocked_actions_protection ACTIVE. Skipping `like` action.
2019-12-19 14:35:41,254 YOUR `LIKE` ACTION IS BLOCKED
2019-12-19 14:35:41,255 blocked_actions_protection ACTIVE. Skipping `like` action.
2019-12-19 14:35:51,267 YOUR `LIKE` ACTION IS BLOCKED
2019-12-19 14:35:51,268 blocked_actions_protection ACTIVE. Skipping `like` action.
2019-12-19 14:36:01,280 YOUR `LIKE` ACTION IS BLOCKED
2019-12-19 14:36:01,281 blocked_actions_protection ACTIVE. Skipping `like` action.
2019-12-19 14:36:11,293 YOUR `LIKE` ACTION IS BLOCKED
2019-12-19 14:36:11,294 blocked_actions_protection ACTIVE. Skipping `like` action.
2019-12-19 14:36:21,306 YOUR `LIKE` ACTION IS BLOCKED
2019-12-19 14:36:21,307 blocked_actions_protection ACTIVE. Skipping `like` action.
2019-12-19 14:36:31,311 YOUR `LIKE` ACTION IS BLOCKED
2019-12-19 14:36:31,312 blocked_actions_protection ACTIVE. Skipping `like` action.
2019-12-19 14:36:41,324 YOUR `LIKE` ACTION IS BLOCKED
2019-12-19 14:36:41,325 blocked_actions_protection ACTIVE. Skipping `like` action.
2019-12-19 14:36:51,337 YOUR `LIKE` ACTION IS BLOCKED
2019-12-19 14:36:51,338 blocked_actions_protection ACTIVE. Skipping `like` action.
2019-12-19 14:37:01,341 YOUR `LIKE` ACTION IS BLOCKED
2019-12-19 14:37:01,342 blocked_actions_protection ACTIVE. Skipping `like` action.
2019-12-19 14:37:11,354 YOUR `LIKE` ACTION IS BLOCKED
2019-12-19 14:37:11,355 blocked_actions_protection ACTIVE. Skipping `like` action.
2019-12-19 14:37:21,376 DONE: Total liked 16 medias.
2019-12-19 14:37:23,951 Liking user_4247873390's feed:
2019-12-19 14:37:24,586 Received 18 medias.
2019-12-19 14:37:24,587 After filtration 18 medias left.
2019-12-19 14:37:24,588 Going to like 18 medias.
2019-12-19 14:37:24,590 YOUR `LIKE` ACTION IS BLOCKED
2019-12-19 14:37:24,590 blocked_actions_protection ACTIVE. Skipping `like` action.
2019-12-19 14:37:34,602 YOUR `LIKE` ACTION IS BLOCKED
2019-12-19 14:37:34,603 blocked_actions_protection ACTIVE. Skipping `like` action.
2019-12-19 14:37:44,615 YOUR `LIKE` ACTION IS BLOCKED
2019-12-19 14:37:44,616 blocked_actions_protection ACTIVE. Skipping `like` action.
2019-12-19 14:37:54,628 YOUR `LIKE` ACTION IS BLOCKED
2019-12-19 14:37:54,629 blocked_actions_protection ACTIVE. Skipping `like` action.
2019-12-19 14:38:04,641 YOUR `LIKE` ACTION IS BLOCKED
2019-12-19 14:38:04,642 blocked_actions_protection ACTIVE. Skipping `like` action.
2019-12-19 14:38:14,654 YOUR `LIKE` ACTION IS BLOCKED
2019-12-19 14:38:14,655 blocked_actions_protection ACTIVE. Skipping `like` action.
2019-12-19 14:38:24,667 YOUR `LIKE` ACTION IS BLOCKED
2019-12-19 14:38:24,668 blocked_actions_protection ACTIVE. Skipping `like` action.
2019-12-19 14:38:34,680 YOUR `LIKE` ACTION IS BLOCKED
2019-12-19 14:38:37,288 blocked_actions_protection ACTIVE. Skipping `like` action.
2019-12-19 14:38:47,300 YOUR `LIKE` ACTION IS BLOCKED
2019-12-19 14:38:47,301 blocked_actions_protection ACTIVE. Skipping `like` action.
2019-12-19 14:38:57,313 YOUR `LIKE` ACTION IS BLOCKED
2019-12-19 14:38:57,314 blocked_actions_protection ACTIVE. Skipping `like` action.
2019-12-19 14:39:07,326 YOUR `LIKE` ACTION IS BLOCKED
2019-12-19 14:39:07,327 blocked_actions_protection ACTIVE. Skipping `like` action.
2019-12-19 14:39:17,339 YOUR `LIKE` ACTION IS BLOCKED
2019-12-19 14:39:17,340 blocked_actions_protection ACTIVE. Skipping `like` action.
2019-12-19 14:39:27,352 YOUR `LIKE` ACTION IS BLOCKED
2019-12-19 14:39:27,353 blocked_actions_protection ACTIVE. Skipping `like` action.
2019-12-19 14:39:37,365 YOUR `LIKE` ACTION IS BLOCKED
2019-12-19 14:39:37,366 blocked_actions_protection ACTIVE. Skipping `like` action.
2019-12-19 14:39:47,378 YOUR `LIKE` ACTION IS BLOCKED
2019-12-19 14:39:47,379 blocked_actions_protection ACTIVE. Skipping `like` action.
2019-12-19 14:39:57,391 YOUR `LIKE` ACTION IS BLOCKED
2019-12-19 14:39:57,392 blocked_actions_protection ACTIVE. Skipping `like` action.
2019-12-19 14:40:07,401 YOUR `LIKE` ACTION IS BLOCKED
2019-12-19 14:40:07,402 blocked_actions_protection ACTIVE. Skipping `like` action.
2019-12-19 14:40:17,414 YOUR `LIKE` ACTION IS BLOCKED
2019-12-19 14:40:17,415 blocked_actions_protection ACTIVE. Skipping `like` action.
2019-12-19 14:40:27,472 DONE: Total liked 16 medias.
2019-12-19 14:40:37,748 Liking user_2201791000's feed:
2019-12-19 14:40:38,090 Received 5 medias.
2019-12-19 14:40:38,091 After filtration 5 medias left.
2019-12-19 14:40:38,092 Going to like 5 medias.
2019-12-19 14:40:38,096 YOUR `LIKE` ACTION IS BLOCKED
2019-12-19 14:40:38,096 blocked_actions_protection ACTIVE. Skipping `like` action.
2019-12-19 14:40:48,108 YOUR `LIKE` ACTION IS BLOCKED
2019-12-19 14:40:48,109 blocked_actions_protection ACTIVE. Skipping `like` action.
2019-12-19 14:40:58,121 YOUR `LIKE` ACTION IS BLOCKED
2019-12-19 14:40:58,122 blocked_actions_protection ACTIVE. Skipping `like` action.
2019-12-19 14:41:08,134 YOUR `LIKE` ACTION IS BLOCKED
2019-12-19 14:41:08,135 blocked_actions_protection ACTIVE. Skipping `like` action.
2019-12-19 14:41:18,147 YOUR `LIKE` ACTION IS BLOCKED
2019-12-19 14:41:18,148 blocked_actions_protection ACTIVE. Skipping `like` action.
2019-12-19 14:41:28,162 DONE: Total liked 16 medias.
2019-12-19 14:41:40,674 Liking user_9543689567's feed:
2019-12-19 14:41:41,119 Received 9 medias.
2019-12-19 14:41:41,121 After filtration 8 medias left.
2019-12-19 14:41:41,121 Going to like 8 medias.
2019-12-19 14:41:41,125 YOUR `LIKE` ACTION IS BLOCKED
2019-12-19 14:41:41,126 blocked_actions_protection ACTIVE. Skipping `like` action.
2019-12-19 14:41:51,138 YOUR `LIKE` ACTION IS BLOCKED
2019-12-19 14:41:51,139 blocked_actions_protection ACTIVE. Skipping `like` action.
2019-12-19 14:42:01,151 YOUR `LIKE` ACTION IS BLOCKED
2019-12-19 14:42:01,152 blocked_actions_protection ACTIVE. Skipping `like` action.
2019-12-19 14:42:11,164 YOUR `LIKE` ACTION IS BLOCKED
2019-12-19 14:42:11,165 blocked_actions_protection ACTIVE. Skipping `like` action.
2019-12-19 14:42:21,177 YOUR `LIKE` ACTION IS BLOCKED
2019-12-19 14:42:21,177 blocked_actions_protection ACTIVE. Skipping `like` action.
2019-12-19 14:42:31,189 YOUR `LIKE` ACTION IS BLOCKED
2019-12-19 14:42:31,191 blocked_actions_protection ACTIVE. Skipping `like` action.
2019-12-19 14:42:41,202 YOUR `LIKE` ACTION IS BLOCKED
2019-12-19 14:42:41,203 blocked_actions_protection ACTIVE. Skipping `like` action.
2019-12-19 14:42:51,215 YOUR `LIKE` ACTION IS BLOCKED
2019-12-19 14:42:51,216 blocked_actions_protection ACTIVE. Skipping `like` action.
2019-12-19 14:43:01,244 DONE: Total liked 16 medias.
2019-12-19 14:43:09,027 Liking user_278342405's feed:
2019-12-19 14:43:09,570 Received 18 medias.
2019-12-19 14:43:09,571 After filtration 18 medias left.
2019-12-19 14:43:09,572 Going to like 18 medias.
2019-12-19 14:43:09,575 YOUR `LIKE` ACTION IS BLOCKED
2019-12-19 14:43:09,576 blocked_actions_protection ACTIVE. Skipping `like` action.
2019-12-19 14:43:14,315 Total likes: 16/1000
2019-12-19 14:43:14,316 Blocked likes
2019-12-19 14:43:14,317 Total requests: 502
