2019-12-20 18:12:53,030 Instabot Started
2019-12-20 18:13:27,278 Going to like media with hashtag #urbandance.
2019-12-20 18:13:32,037 Going to like 81 medias.
2019-12-20 18:15:26,911 `Like` action has been BLOCKED...!!!
2019-12-20 18:15:26,913 Activating blocked actions                          protection for `Like` action.
2019-12-20 18:15:36,922 YOUR `LIKE` ACTION IS BLOCKED
2019-12-20 18:15:36,923 blocked_actions_protection ACTIVE. Skipping `like` action.
2019-12-20 18:15:46,935 YOUR `LIKE` ACTION IS BLOCKED
2019-12-20 18:15:46,936 blocked_actions_protection ACTIVE. Skipping `like` action.
2019-12-20 18:15:56,948 YOUR `LIKE` ACTION IS BLOCKED
2019-12-20 18:15:56,949 blocked_actions_protection ACTIVE. Skipping `like` action.
2019-12-20 18:16:06,952 YOUR `LIKE` ACTION IS BLOCKED
2019-12-20 18:16:06,953 blocked_actions_protection ACTIVE. Skipping `like` action.
2019-12-20 18:16:16,965 YOUR `LIKE` ACTION IS BLOCKED
2019-12-20 18:16:16,966 blocked_actions_protection ACTIVE. Skipping `like` action.
2019-12-20 18:16:26,978 YOUR `LIKE` ACTION IS BLOCKED
2019-12-20 18:16:26,979 blocked_actions_protection ACTIVE. Skipping `like` action.
2019-12-20 18:16:36,982 YOUR `LIKE` ACTION IS BLOCKED
2019-12-20 18:16:36,983 blocked_actions_protection ACTIVE. Skipping `like` action.
2019-12-20 18:16:46,995 YOUR `LIKE` ACTION IS BLOCKED
2019-12-20 18:16:46,996 blocked_actions_protection ACTIVE. Skipping `like` action.
2019-12-20 18:16:57,008 YOUR `LIKE` ACTION IS BLOCKED
2019-12-20 18:16:57,009 blocked_actions_protection ACTIVE. Skipping `like` action.
2019-12-20 18:17:07,012 YOUR `LIKE` ACTION IS BLOCKED
2019-12-20 18:17:07,013 blocked_actions_protection ACTIVE. Skipping `like` action.
2019-12-20 18:17:17,025 YOUR `LIKE` ACTION IS BLOCKED
2019-12-20 18:17:18,191 blocked_actions_protection ACTIVE. Skipping `like` action.
2019-12-20 18:17:28,203 YOUR `LIKE` ACTION IS BLOCKED
2019-12-20 18:17:28,204 blocked_actions_protection ACTIVE. Skipping `like` action.
2019-12-20 18:17:38,216 YOUR `LIKE` ACTION IS BLOCKED
2019-12-20 18:17:38,217 blocked_actions_protection ACTIVE. Skipping `like` action.
2019-12-20 18:17:48,229 YOUR `LIKE` ACTION IS BLOCKED
2019-12-20 18:17:48,230 blocked_actions_protection ACTIVE. Skipping `like` action.
2019-12-20 18:17:58,242 YOUR `LIKE` ACTION IS BLOCKED
2019-12-20 18:17:58,243 blocked_actions_protection ACTIVE. Skipping `like` action.
2019-12-20 18:18:08,255 YOUR `LIKE` ACTION IS BLOCKED
2019-12-20 18:18:08,256 blocked_actions_protection ACTIVE. Skipping `like` action.
2019-12-20 18:18:18,268 YOUR `LIKE` ACTION IS BLOCKED
2019-12-20 18:18:18,269 blocked_actions_protection ACTIVE. Skipping `like` action.
2019-12-20 18:18:28,281 YOUR `LIKE` ACTION IS BLOCKED
2019-12-20 18:18:28,282 blocked_actions_protection ACTIVE. Skipping `like` action.
2019-12-20 18:18:30,798 Blocked likes
2019-12-20 18:18:30,799 Total requests: 526
