2019-12-04 20:10:24,975 Instabot Started
2019-12-04 20:12:39,628 Going to like media with hashtag #urbandance.
2019-12-04 20:12:46,727 Going to like 80 medias.
2019-12-04 20:14:49,216 Liked media 2191663912416781736_7247310846.
2019-12-04 20:15:36,476 Liked media 2191661358420786927_294277894.
2019-12-04 20:18:52,127 Liked media 2191622091077815578_1713751002.
2019-12-04 20:18:56,455 Liked media 2191620774232937817_1026308.
2019-12-04 20:19:14,664 Liked media 2191615432937451120_3653491971.
2019-12-04 20:19:19,942 Liked media 2191607746380786854_729202312.
2019-12-04 20:20:16,940 Liked media 2191606354066301767_522192857.
2019-12-04 20:21:18,517 Liked media 2191597391274481888_2283632202.
2019-12-04 20:21:59,002 Liked media 2191590567495238874_3659584239.
2019-12-04 20:23:18,644 Liked media 2191581619649951794_482628724.
2019-12-04 20:26:54,699 Liked media 2191554550729981091_847665405.
2019-12-04 20:27:23,802 Liked media 2190501697772421648_19119841.
2019-12-04 20:27:23,842 DONE: Total liked 12 medias.
2019-12-04 20:27:23,843 Going to like media with hashtag #choreography.
2019-12-04 20:27:28,768 Going to like 77 medias.
2019-12-04 20:29:03,406 Total likes: 12/500
2019-12-04 20:29:03,408 Total requests: 377
